0 info it worked if it ends with ok
1 verbose cli [ '/Users/jverhelst/.nvm/versions/node/v4.6.2/bin/node',
1 verbose cli   '/Users/jverhelst/.nvm/versions/node/v4.6.2/bin/npm',
1 verbose cli   'install',
1 verbose cli   'sqlite3' ]
2 info using npm@2.15.11
3 info using node@v4.6.2
4 verbose install initial load of /Users/jverhelst/WebstormProjects/Data-Collection/server/package.json
5 warn package.json server@1.0.0 No description
6 warn package.json server@1.0.0 No repository field.
7 warn package.json server@1.0.0 No README data
8 verbose installManyTop reading scoped package data from /Users/jverhelst/WebstormProjects/Data-Collection/server/node_modules/body-parser/package.json
9 verbose installManyTop reading scoped package data from /Users/jverhelst/WebstormProjects/Data-Collection/server/node_modules/cors/package.json
10 verbose installManyTop reading scoped package data from /Users/jverhelst/WebstormProjects/Data-Collection/server/node_modules/eslint/package.json
11 verbose installManyTop reading scoped package data from /Users/jverhelst/WebstormProjects/Data-Collection/server/node_modules/eslint-config-standard/package.json
12 verbose installManyTop reading scoped package data from /Users/jverhelst/WebstormProjects/Data-Collection/server/node_modules/eslint-plugin-import/package.json
13 verbose installManyTop reading scoped package data from /Users/jverhelst/WebstormProjects/Data-Collection/server/node_modules/eslint-plugin-node/package.json
14 verbose installManyTop reading scoped package data from /Users/jverhelst/WebstormProjects/Data-Collection/server/node_modules/eslint-plugin-promise/package.json
15 verbose installManyTop reading scoped package data from /Users/jverhelst/WebstormProjects/Data-Collection/server/node_modules/eslint-plugin-standard/package.json
16 verbose installManyTop reading scoped package data from /Users/jverhelst/WebstormProjects/Data-Collection/server/node_modules/express/package.json
17 verbose installManyTop reading scoped package data from /Users/jverhelst/WebstormProjects/Data-Collection/server/node_modules/morgan/package.json
18 verbose installManyTop reading scoped package data from /Users/jverhelst/WebstormProjects/Data-Collection/server/node_modules/nodemon/package.json
19 verbose installManyTop reading scoped package data from /Users/jverhelst/WebstormProjects/Data-Collection/server/node_modules/sequelize/package.json
20 verbose installManyTop reading scoped package data from /Users/jverhelst/WebstormProjects/Data-Collection/server/node_modules/sqlite3/package.json
21 verbose readDependencies loading dependencies from /Users/jverhelst/WebstormProjects/Data-Collection/server/package.json
22 verbose install sqlite3 is installed as 3.1.11
23 silly cache add args [ 'sqlite3@^4.1.1', null ]
24 verbose cache add spec sqlite3@^4.1.1
25 silly cache add parsed spec Result {
25 silly cache add   raw: 'sqlite3@^4.1.1',
25 silly cache add   scope: null,
25 silly cache add   name: 'sqlite3',
25 silly cache add   rawSpec: '^4.1.1',
25 silly cache add   spec: '>=4.1.1 <5.0.0',
25 silly cache add   type: 'range' }
26 silly addNamed sqlite3@>=4.1.1 <5.0.0
27 verbose addNamed ">=4.1.1 <5.0.0" is a valid semver range for sqlite3
28 silly addNameRange { name: 'sqlite3', range: '>=4.1.1 <5.0.0', hasData: false }
29 silly mapToRegistry name sqlite3
30 silly mapToRegistry using default registry
31 silly mapToRegistry registry https://registry.npmjs.org/
32 silly mapToRegistry data Result {
32 silly mapToRegistry   raw: 'sqlite3',
32 silly mapToRegistry   scope: null,
32 silly mapToRegistry   name: 'sqlite3',
32 silly mapToRegistry   rawSpec: '',
32 silly mapToRegistry   spec: 'latest',
32 silly mapToRegistry   type: 'tag' }
33 silly mapToRegistry uri https://registry.npmjs.org/sqlite3
34 verbose addNameRange registry:https://registry.npmjs.org/sqlite3 not in flight; fetching
35 verbose request uri https://registry.npmjs.org/sqlite3
36 verbose request no auth needed
37 info attempt registry request try #1 at 9:08:10 PM
38 verbose request id 34aa758ae3db23c7
39 verbose etag W/"59b8b7e1-25699"
40 verbose lastModified Wed, 13 Sep 2017 04:45:21 GMT
41 http request GET https://registry.npmjs.org/sqlite3
42 http 304 https://registry.npmjs.org/sqlite3
43 verbose headers { date: 'Thu, 21 Sep 2017 02:08:10 GMT',
43 verbose headers   via: '1.1 varnish',
43 verbose headers   'cache-control': 'max-age=300',
43 verbose headers   etag: 'W/"59b8b7e1-25699"',
43 verbose headers   age: '77',
43 verbose headers   connection: 'keep-alive',
43 verbose headers   'x-served-by': 'cache-ord1731-ORD',
43 verbose headers   'x-cache': 'HIT',
43 verbose headers   'x-cache-hits': '1',
43 verbose headers   'x-timer': 'S1505959690.311957,VS0,VE0',
43 verbose headers   vary: 'Accept-Encoding, Accept' }
44 silly get cb [ 304,
44 silly get   { date: 'Thu, 21 Sep 2017 02:08:10 GMT',
44 silly get     via: '1.1 varnish',
44 silly get     'cache-control': 'max-age=300',
44 silly get     etag: 'W/"59b8b7e1-25699"',
44 silly get     age: '77',
44 silly get     connection: 'keep-alive',
44 silly get     'x-served-by': 'cache-ord1731-ORD',
44 silly get     'x-cache': 'HIT',
44 silly get     'x-cache-hits': '1',
44 silly get     'x-timer': 'S1505959690.311957,VS0,VE0',
44 silly get     vary: 'Accept-Encoding, Accept' } ]
45 verbose etag https://registry.npmjs.org/sqlite3 from cache
46 verbose get saving sqlite3 to /Users/jverhelst/.npm/registry.npmjs.org/sqlite3/.cache.json
47 verbose correctMkdir /Users/jverhelst/.npm correctMkdir not in flight; initializing
48 silly addNameRange number 2 { name: 'sqlite3', range: '>=4.1.1 <5.0.0', hasData: true }
49 silly addNameRange versions [ 'sqlite3',
49 silly addNameRange   [ '2.0.0',
49 silly addNameRange     '2.0.1',
49 silly addNameRange     '2.0.2',
49 silly addNameRange     '2.0.3',
49 silly addNameRange     '2.0.4',
49 silly addNameRange     '2.0.5',
49 silly addNameRange     '2.0.6',
49 silly addNameRange     '2.0.7',
49 silly addNameRange     '2.0.8',
49 silly addNameRange     '2.0.9',
49 silly addNameRange     '2.0.10',
49 silly addNameRange     '2.0.11',
49 silly addNameRange     '2.0.12',
49 silly addNameRange     '2.0.13',
49 silly addNameRange     '2.0.14',
49 silly addNameRange     '2.0.15',
49 silly addNameRange     '2.0.16',
49 silly addNameRange     '2.0.17',
49 silly addNameRange     '2.0.18',
49 silly addNameRange     '2.1.0',
49 silly addNameRange     '2.1.1',
49 silly addNameRange     '2.1.2',
49 silly addNameRange     '2.1.3',
49 silly addNameRange     '2.1.4',
49 silly addNameRange     '2.1.5',
49 silly addNameRange     '2.1.7',
49 silly addNameRange     '2.1.8',
49 silly addNameRange     '2.1.9',
49 silly addNameRange     '2.1.10',
49 silly addNameRange     '2.1.11',
49 silly addNameRange     '2.1.12',
49 silly addNameRange     '2.1.13',
49 silly addNameRange     '2.1.14',
49 silly addNameRange     '2.1.15',
49 silly addNameRange     '2.1.16',
49 silly addNameRange     '2.1.17',
49 silly addNameRange     '2.1.18',
49 silly addNameRange     '2.1.19',
49 silly addNameRange     '2.2.0',
49 silly addNameRange     '2.2.1',
49 silly addNameRange     '2.2.2',
49 silly addNameRange     '2.2.3',
49 silly addNameRange     '2.2.4',
49 silly addNameRange     '3.0.6',
49 silly addNameRange     '3.0.7',
49 silly addNameRange     '3.0.8',
49 silly addNameRange     '3.0.9',
49 silly addNameRange     '3.0.10',
49 silly addNameRange     '3.1.0',
49 silly addNameRange     '3.1.1',
49 silly addNameRange     '3.1.2',
49 silly addNameRange     '3.1.3',
49 silly addNameRange     '3.1.4',
49 silly addNameRange     '3.1.5',
49 silly addNameRange     '3.1.6',
49 silly addNameRange     '3.1.7',
49 silly addNameRange     '3.1.8',
49 silly addNameRange     '3.1.9',
49 silly addNameRange     '3.1.10-alpha',
49 silly addNameRange     '3.1.10',
49 silly addNameRange     '3.1.11' ] ]
50 verbose stack Error: No compatible version found: sqlite3@'>=4.1.1 <5.0.0'
50 verbose stack Valid install targets:
50 verbose stack ["2.0.0","2.0.1","2.0.2","2.0.3","2.0.4","2.0.5","2.0.6","2.0.7","2.0.8","2.0.9","2.0.10","2.0.11","2.0.12","2.0.13","2.0.14","2.0.15","2.0.16","2.0.17","2.0.18","2.1.0","2.1.1","2.1.2","2.1.3","2.1.4","2.1.5","2.1.7","2.1.8","2.1.9","2.1.10","2.1.11","2.1.12","2.1.13","2.1.14","2.1.15","2.1.16","2.1.17","2.1.18","2.1.19","2.2.0","2.2.1","2.2.2","2.2.3","2.2.4","3.0.6","3.0.7","3.0.8","3.0.9","3.0.10","3.1.0","3.1.1","3.1.2","3.1.3","3.1.4","3.1.5","3.1.6","3.1.7","3.1.8","3.1.9","3.1.10-alpha","3.1.10","3.1.11"]
50 verbose stack
50 verbose stack     at installTargetsError (/Users/jverhelst/.nvm/versions/node/v4.6.2/lib/node_modules/npm/lib/cache/add-named.js:284:12)
50 verbose stack     at next (/Users/jverhelst/.nvm/versions/node/v4.6.2/lib/node_modules/npm/lib/cache/add-named.js:262:19)
50 verbose stack     at setData (/Users/jverhelst/.nvm/versions/node/v4.6.2/lib/node_modules/npm/lib/cache/add-named.js:236:5)
50 verbose stack     at RES (/Users/jverhelst/.nvm/versions/node/v4.6.2/lib/node_modules/npm/node_modules/inflight/inflight.js:23:14)
50 verbose stack     at f (/Users/jverhelst/.nvm/versions/node/v4.6.2/lib/node_modules/npm/node_modules/once/once.js:25:25)
50 verbose stack     at fixName (/Users/jverhelst/.nvm/versions/node/v4.6.2/lib/node_modules/npm/lib/cache/add-named.js:29:5)
50 verbose stack     at saved (/Users/jverhelst/.nvm/versions/node/v4.6.2/lib/node_modules/npm/lib/cache/caching-client.js:173:7)
50 verbose stack     at /Users/jverhelst/.nvm/versions/node/v4.6.2/lib/node_modules/npm/node_modules/graceful-fs/polyfills.js:233:18
50 verbose stack     at FSReqWrap.oncomplete (fs.js:82:15)
51 verbose cwd /Users/jverhelst/WebstormProjects/Data-Collection/server
52 error Darwin 16.7.0
53 error argv "/Users/jverhelst/.nvm/versions/node/v4.6.2/bin/node" "/Users/jverhelst/.nvm/versions/node/v4.6.2/bin/npm" "install" "sqlite3"
54 error node v4.6.2
55 error npm  v2.15.11
56 error code ETARGET
57 error notarget No compatible version found: sqlite3@'>=4.1.1 <5.0.0'
57 error notarget Valid install targets:
57 error notarget ["2.0.0","2.0.1","2.0.2","2.0.3","2.0.4","2.0.5","2.0.6","2.0.7","2.0.8","2.0.9","2.0.10","2.0.11","2.0.12","2.0.13","2.0.14","2.0.15","2.0.16","2.0.17","2.0.18","2.1.0","2.1.1","2.1.2","2.1.3","2.1.4","2.1.5","2.1.7","2.1.8","2.1.9","2.1.10","2.1.11","2.1.12","2.1.13","2.1.14","2.1.15","2.1.16","2.1.17","2.1.18","2.1.19","2.2.0","2.2.1","2.2.2","2.2.3","2.2.4","3.0.6","3.0.7","3.0.8","3.0.9","3.0.10","3.1.0","3.1.1","3.1.2","3.1.3","3.1.4","3.1.5","3.1.6","3.1.7","3.1.8","3.1.9","3.1.10-alpha","3.1.10","3.1.11"]
57 error notarget
57 error notarget This is most likely not a problem with npm itself.
57 error notarget In most cases you or one of your dependencies are requesting
57 error notarget a package version that doesn't exist.
57 error notarget
57 error notarget It was specified as a dependency of 'server'
58 verbose exit [ 1, true ]
